[Wed Nov 19 15:05:22 2014] [debug] Reading configuration file "/home/mudler/_git/Keenship/keenship.conf".
[Wed Nov 19 15:08:07 2014] [debug] Reading configuration file "/home/mudler/_git/Keenship/keenship.conf".
[Wed Nov 19 15:08:07 2014] [info] Listening at "http://*:3000".
[Wed Nov 19 15:08:11 2014] [debug] Your secret passphrase needs to be changed!!!
[Wed Nov 19 15:08:11 2014] [debug] GET "/".
[Wed Nov 19 15:08:11 2014] [debug] Template "not_found.development.html.ep" not found.
[Wed Nov 19 15:08:11 2014] [debug] Template "not_found.html.ep" not found.
[Wed Nov 19 15:08:11 2014] [debug] Rendering inline template "3e3201ab0667c1fc7f39089209f0435c".
[Wed Nov 19 15:08:11 2014] [debug] Rendering inline template "b2d451b47e2053ce583cbfdf7bcc6006".
[Wed Nov 19 15:08:11 2014] [debug] 404 Not Found (0.015479s, 64.604/s).
[Wed Nov 19 15:08:25 2014] [debug] GET "/".
[Wed Nov 19 15:08:25 2014] [debug] Template "not_found.development.html.ep" not found.
[Wed Nov 19 15:08:25 2014] [debug] Template "not_found.html.ep" not found.
[Wed Nov 19 15:08:25 2014] [debug] Rendering cached inline template "3e3201ab0667c1fc7f39089209f0435c".
[Wed Nov 19 15:08:25 2014] [debug] Rendering cached inline template "b2d451b47e2053ce583cbfdf7bcc6006".
[Wed Nov 19 15:08:25 2014] [debug] 404 Not Found (0.008057s, 124.116/s).
[Wed Nov 19 15:08:28 2014] [debug] GET "/info".
[Wed Nov 19 15:08:28 2014] [debug] Template "not_found.development.html.ep" not found.
[Wed Nov 19 15:08:28 2014] [debug] Template "not_found.html.ep" not found.
[Wed Nov 19 15:08:28 2014] [debug] Rendering cached inline template "3e3201ab0667c1fc7f39089209f0435c".
[Wed Nov 19 15:08:28 2014] [debug] Rendering cached inline template "b2d451b47e2053ce583cbfdf7bcc6006".
[Wed Nov 19 15:08:28 2014] [debug] 404 Not Found (0.006135s, 162.999/s).
[Wed Nov 19 15:10:29 2014] [debug] Reading configuration file "/home/mudler/_git/Keenship/keenship.conf".
[Wed Nov 19 15:10:31 2014] [debug] Reading configuration file "/home/mudler/_git/Keenship/keenship.conf".
[Wed Nov 19 15:10:34 2014] [debug] Reading configuration file "/home/mudler/_git/Keenship/keenship.conf".
[Wed Nov 19 15:10:34 2014] [info] Listening at "http://*:3000".
[Wed Nov 19 15:10:37 2014] [debug] Your secret passphrase needs to be changed!!!
[Wed Nov 19 15:10:37 2014] [debug] GET "/info".
[Wed Nov 19 15:10:37 2014] [debug] Template "not_found.development.html.ep" not found.
[Wed Nov 19 15:10:37 2014] [debug] Template "not_found.html.ep" not found.
[Wed Nov 19 15:10:37 2014] [debug] Rendering inline template "3e3201ab0667c1fc7f39089209f0435c".
[Wed Nov 19 15:10:37 2014] [debug] Rendering inline template "b2d451b47e2053ce583cbfdf7bcc6006".
[Wed Nov 19 15:10:37 2014] [debug] 404 Not Found (0.015906s, 62.869/s).
[Wed Nov 19 15:12:07 2014] [debug] Reading configuration file "/home/mudler/_git/Keenship/keenship.conf".
[Wed Nov 19 15:12:07 2014] [info] Listening at "http://*:3000".
[Wed Nov 19 15:12:09 2014] [debug] Your secret passphrase needs to be changed!!!
[Wed Nov 19 15:12:09 2014] [debug] GET "/info".
[Wed Nov 19 15:12:09 2014] [debug] Template "not_found.development.html.ep" not found.
[Wed Nov 19 15:12:09 2014] [debug] Template "not_found.html.ep" not found.
[Wed Nov 19 15:12:09 2014] [debug] Rendering inline template "3e3201ab0667c1fc7f39089209f0435c".
[Wed Nov 19 15:12:09 2014] [debug] Rendering inline template "b2d451b47e2053ce583cbfdf7bcc6006".
[Wed Nov 19 15:12:09 2014] [debug] 404 Not Found (0.013508s, 74.030/s).
[Wed Nov 19 15:12:13 2014] [debug] GET "/".
[Wed Nov 19 15:12:13 2014] [debug] Template "not_found.development.html.ep" not found.
[Wed Nov 19 15:12:13 2014] [debug] Template "not_found.html.ep" not found.
[Wed Nov 19 15:12:13 2014] [debug] Rendering cached inline template "3e3201ab0667c1fc7f39089209f0435c".
[Wed Nov 19 15:12:13 2014] [debug] Rendering cached inline template "b2d451b47e2053ce583cbfdf7bcc6006".
[Wed Nov 19 15:12:13 2014] [debug] 404 Not Found (0.003837s, 260.620/s).
[Wed Nov 19 15:12:26 2014] [debug] Reading configuration file "/home/mudler/_git/Keenship/keenship.conf".
[Wed Nov 19 15:12:28 2014] [debug] Your secret passphrase needs to be changed!!!
[Wed Nov 19 15:12:28 2014] [debug] GET "/".
[Wed Nov 19 15:12:28 2014] [debug] Template "not_found.development.html.ep" not found.
[Wed Nov 19 15:12:28 2014] [debug] Template "not_found.html.ep" not found.
[Wed Nov 19 15:12:28 2014] [debug] Rendering inline template "3e3201ab0667c1fc7f39089209f0435c".
[Wed Nov 19 15:12:28 2014] [debug] Rendering inline template "b2d451b47e2053ce583cbfdf7bcc6006".
[Wed Nov 19 15:12:28 2014] [debug] 404 Not Found (0.014668s, 68.176/s).
[Wed Nov 19 15:12:57 2014] [debug] Reading configuration file "/home/mudler/_git/Keenship/keenship.conf".
[Wed Nov 19 15:13:05 2014] [debug] Reading configuration file "/home/mudler/_git/Keenship/keenship.conf".
[Wed Nov 19 15:13:11 2014] [debug] Reading configuration file "/home/mudler/_git/Keenship/keenship.conf".
[Wed Nov 19 15:13:11 2014] [debug] Reading configuration file "/home/mudler/_git/Keenship/keenship.conf".
[Wed Nov 19 15:13:18 2014] [debug] Reading configuration file "/home/mudler/_git/Keenship/keenship.conf".
[Wed Nov 19 15:13:18 2014] [debug] Reading configuration file "/home/mudler/_git/Keenship/keenship.conf".
[Wed Nov 19 15:13:19 2014] [debug] Reading configuration file "/home/mudler/_git/Keenship/keenship.conf".
[Wed Nov 19 15:13:19 2014] [debug] Reading configuration file "/home/mudler/_git/Keenship/keenship.conf".
[Wed Nov 19 15:13:33 2014] [debug] Reading configuration file "/home/mudler/_git/Keenship/keenship.conf".
[Wed Nov 19 15:13:47 2014] [debug] Reading configuration file "/home/mudler/_git/Keenship/keenship.conf".
[Wed Nov 19 15:15:48 2014] [debug] Reading configuration file "/home/mudler/_git/Keenship/keenship.conf".
[Wed Nov 19 15:16:02 2014] [debug] Reading configuration file "/home/mudler/_git/Keenship/keenship.conf".
[Wed Nov 19 15:17:25 2014] [debug] Reading configuration file "/home/mudler/_git/Keenship/keenship.conf".
[Wed Nov 19 15:18:27 2014] [debug] Reading configuration file "/home/mudler/_git/Keenship/keenship.conf".
[Wed Nov 19 15:21:20 2014] [debug] Reading configuration file "/home/mudler/_git/Keenship/keenship.conf".
[Wed Nov 19 15:21:20 2014] [debug] Reading configuration file "/home/mudler/_git/Keenship/keenship.conf".
[Wed Nov 19 15:21:22 2014] [debug] Reading configuration file "/home/mudler/_git/Keenship/keenship.conf".
[Wed Nov 19 15:21:22 2014] [debug] Reading configuration file "/home/mudler/_git/Keenship/keenship.conf".
[Wed Nov 19 15:21:23 2014] [debug] Reading configuration file "/home/mudler/_git/Keenship/keenship.conf".
[Wed Nov 19 15:21:23 2014] [debug] Reading configuration file "/home/mudler/_git/Keenship/keenship.conf".
[Wed Nov 19 15:21:25 2014] [debug] Reading configuration file "/home/mudler/_git/Keenship/keenship.conf".
[Wed Nov 19 15:21:43 2014] [debug] Reading configuration file "/home/mudler/_git/Keenship/keenship.conf".
[Wed Nov 19 15:21:51 2014] [debug] Reading configuration file "/home/mudler/_git/Keenship/keenship.conf".
[Wed Nov 19 15:21:51 2014] [debug] Reading configuration file "/home/mudler/_git/Keenship/keenship.conf".
[Wed Nov 19 15:22:06 2014] [debug] Reading configuration file "/home/mudler/_git/Keenship/keenship.conf".
[Wed Nov 19 15:22:06 2014] [debug] Your secret passphrase needs to be changed!!!
[Wed Nov 19 15:22:08 2014] [debug] Reading configuration file "/home/mudler/_git/Keenship/keenship.conf".
[Wed Nov 19 15:22:08 2014] [debug] Your secret passphrase needs to be changed!!!
[Wed Nov 19 15:22:15 2014] [debug] GET "/info".
[Wed Nov 19 15:22:15 2014] [debug] Controller "Keenship::Controller::Test" does not exist.
[Wed Nov 19 15:22:15 2014] [debug] Template "test/example.html.ep" not found.
[Wed Nov 19 15:22:15 2014] [debug] Template "not_found.development.html.ep" not found.
[Wed Nov 19 15:22:15 2014] [debug] Template "not_found.html.ep" not found.
[Wed Nov 19 15:22:15 2014] [debug] Rendering inline template "3e3201ab0667c1fc7f39089209f0435c".
[Wed Nov 19 15:22:15 2014] [debug] Rendering inline template "b2d451b47e2053ce583cbfdf7bcc6006".
[Wed Nov 19 15:22:15 2014] [debug] 404 Not Found (0.016748s, 59.709/s).
[Wed Nov 19 15:32:09 2014] [debug] Reading configuration file "/home/mudler/_git/Keenship/keenship.conf".
[Wed Nov 19 15:32:09 2014] [debug] Your secret passphrase needs to be changed!!!
[Wed Nov 19 15:32:10 2014] [debug] Reading configuration file "/home/mudler/_git/Keenship/keenship.conf".
[Wed Nov 19 15:32:10 2014] [debug] Your secret passphrase needs to be changed!!!
[Wed Nov 19 15:32:11 2014] [debug] Reading configuration file "/home/mudler/_git/Keenship/keenship.conf".
[Wed Nov 19 15:32:11 2014] [debug] Your secret passphrase needs to be changed!!!
[Wed Nov 19 15:32:13 2014] [debug] Reading configuration file "/home/mudler/_git/Keenship/keenship.conf".
[Wed Nov 19 15:32:13 2014] [debug] Your secret passphrase needs to be changed!!!
[Wed Nov 19 15:32:13 2014] [info] Listening at "http://*:3000".
[Wed Nov 19 15:32:17 2014] [debug] GET "/info".
[Wed Nov 19 15:32:17 2014] [error] Can't call method "can" on unblessed reference at /home/mudler/perl5/lib/perl5/Mojolicious/Routes.pm line 170, <DATA> line 25.

[Wed Nov 19 15:32:17 2014] [debug] Template "exception.development.html.ep" not found.
[Wed Nov 19 15:32:17 2014] [debug] Template "exception.html.ep" not found.
[Wed Nov 19 15:32:17 2014] [debug] Rendering inline template "3e3201ab0667c1fc7f39089209f0435c".
[Wed Nov 19 15:32:17 2014] [debug] Rendering inline template "b2d451b47e2053ce583cbfdf7bcc6006".
[Wed Nov 19 15:32:17 2014] [debug] 500 Internal Server Error (0.019194s, 52.100/s).
[Wed Nov 19 15:32:35 2014] [debug] Reading configuration file "/home/mudler/_git/Keenship/keenship.conf".
[Wed Nov 19 15:33:57 2014] [debug] Reading configuration file "/home/mudler/_git/Keenship/keenship.conf".
[Wed Nov 19 15:33:57 2014] [debug] Your secret passphrase needs to be changed!!!
[Wed Nov 19 15:33:57 2014] [info] Listening at "http://*:3000".
[Wed Nov 19 15:34:09 2014] [debug] GET "/info".
[Wed Nov 19 15:34:09 2014] [debug] Routing to a callback.
[Wed Nov 19 15:34:09 2014] [debug] Rendering template "pages/index.html.ep".
[Wed Nov 19 15:34:09 2014] [debug] 200 OK (0.001374s, 727.802/s).
[Wed Nov 19 15:34:16 2014] [debug] GET "/info".
[Wed Nov 19 15:34:16 2014] [debug] Routing to a callback.
[Wed Nov 19 15:34:16 2014] [debug] Rendering cached template "pages/index.html.ep".
[Wed Nov 19 15:34:16 2014] [debug] 200 OK (0.000382s, 2617.801/s).
[Wed Nov 19 15:34:26 2014] [debug] Reading configuration file "/home/mudler/_git/Keenship/keenship.conf".
[Wed Nov 19 15:34:26 2014] [debug] Your secret passphrase needs to be changed!!!
[Wed Nov 19 15:34:27 2014] [debug] Reading configuration file "/home/mudler/_git/Keenship/keenship.conf".
[Wed Nov 19 15:34:27 2014] [debug] Your secret passphrase needs to be changed!!!
[Wed Nov 19 15:34:27 2014] [info] Listening at "http://*:3000".
[Wed Nov 19 15:34:28 2014] [debug] GET "/info".
[Wed Nov 19 15:34:28 2014] [debug] Routing to a callback.
[Wed Nov 19 15:34:28 2014] [error] Can't locate object method "render_string" via package "Mojolicious::Controller" at /home/mudler/_git/Keenship/script/../lib/Keenship/Plugin/Test.pm line 12.

[Wed Nov 19 15:34:28 2014] [debug] Template "exception.development.html.ep" not found.
[Wed Nov 19 15:34:28 2014] [debug] Template "exception.html.ep" not found.
[Wed Nov 19 15:34:28 2014] [debug] Rendering inline template "3e3201ab0667c1fc7f39089209f0435c".
[Wed Nov 19 15:34:28 2014] [debug] Rendering inline template "b2d451b47e2053ce583cbfdf7bcc6006".
[Wed Nov 19 15:34:28 2014] [debug] 500 Internal Server Error (0.015385s, 64.998/s).
[Wed Nov 19 15:34:29 2014] [debug] GET "/info".
[Wed Nov 19 15:34:29 2014] [debug] Routing to a callback.
[Wed Nov 19 15:34:29 2014] [error] Can't locate object method "render_string" via package "Mojolicious::Controller" at /home/mudler/_git/Keenship/script/../lib/Keenship/Plugin/Test.pm line 12.

[Wed Nov 19 15:34:29 2014] [debug] Template "exception.development.html.ep" not found.
[Wed Nov 19 15:34:29 2014] [debug] Template "exception.html.ep" not found.
[Wed Nov 19 15:34:29 2014] [debug] Rendering cached inline template "3e3201ab0667c1fc7f39089209f0435c".
[Wed Nov 19 15:34:29 2014] [debug] Rendering cached inline template "b2d451b47e2053ce583cbfdf7bcc6006".
[Wed Nov 19 15:34:29 2014] [debug] 500 Internal Server Error (0.005381s, 185.839/s).
[Wed Nov 19 15:34:47 2014] [debug] Reading configuration file "/home/mudler/_git/Keenship/keenship.conf".
[Wed Nov 19 15:34:47 2014] [debug] Your secret passphrase needs to be changed!!!
[Wed Nov 19 15:34:49 2014] [debug] Reading configuration file "/home/mudler/_git/Keenship/keenship.conf".
[Wed Nov 19 15:34:49 2014] [debug] Your secret passphrase needs to be changed!!!
[Wed Nov 19 15:34:49 2014] [info] Listening at "http://*:3000".
[Wed Nov 19 15:34:53 2014] [debug] GET "/info".
[Wed Nov 19 15:34:53 2014] [debug] Routing to a callback.
[Wed Nov 19 15:34:53 2014] [error] Can't locate object method "render_string" via package "Keenship" at /home/mudler/_git/Keenship/script/../lib/Keenship/Plugin/Test.pm line 12.

[Wed Nov 19 15:34:53 2014] [debug] Template "exception.development.html.ep" not found.
[Wed Nov 19 15:34:53 2014] [debug] Template "exception.html.ep" not found.
[Wed Nov 19 15:34:53 2014] [debug] Rendering inline template "3e3201ab0667c1fc7f39089209f0435c".
[Wed Nov 19 15:34:53 2014] [debug] Rendering inline template "b2d451b47e2053ce583cbfdf7bcc6006".
[Wed Nov 19 15:34:53 2014] [debug] 500 Internal Server Error (0.016191s, 61.763/s).
[Wed Nov 19 15:35:03 2014] [debug] Reading configuration file "/home/mudler/_git/Keenship/keenship.conf".
[Wed Nov 19 15:35:03 2014] [debug] Your secret passphrase needs to be changed!!!
[Wed Nov 19 15:37:23 2014] [debug] Reading configuration file "/home/mudler/_git/Keenship/keenship.conf".
[Wed Nov 19 15:37:23 2014] [debug] Your secret passphrase needs to be changed!!!
[Wed Nov 19 15:37:24 2014] [debug] Reading configuration file "/home/mudler/_git/Keenship/keenship.conf".
[Wed Nov 19 15:37:24 2014] [debug] Your secret passphrase needs to be changed!!!
[Wed Nov 19 15:37:24 2014] [info] Listening at "http://*:3000".
[Wed Nov 19 15:37:31 2014] [debug] GET "/info".
[Wed Nov 19 15:37:31 2014] [debug] Routing to a callback.
[Wed Nov 19 15:37:31 2014] [error] Can't call method "render_string" on an undefined value at /home/mudler/_git/Keenship/script/../lib/Keenship/Plugin/Test.pm line 12, <DATA> line 25.

[Wed Nov 19 15:37:31 2014] [debug] Template "exception.development.html.ep" not found.
[Wed Nov 19 15:37:31 2014] [debug] Template "exception.html.ep" not found.
[Wed Nov 19 15:37:31 2014] [debug] Rendering inline template "3e3201ab0667c1fc7f39089209f0435c".
[Wed Nov 19 15:37:31 2014] [debug] Rendering inline template "b2d451b47e2053ce583cbfdf7bcc6006".
[Wed Nov 19 15:37:31 2014] [debug] 500 Internal Server Error (0.015637s, 63.951/s).
[Wed Nov 19 15:37:42 2014] [debug] Reading configuration file "/home/mudler/_git/Keenship/keenship.conf".
[Wed Nov 19 15:37:42 2014] [debug] Your secret passphrase needs to be changed!!!
[Wed Nov 19 15:37:45 2014] [debug] Reading configuration file "/home/mudler/_git/Keenship/keenship.conf".
[Wed Nov 19 15:37:45 2014] [debug] Your secret passphrase needs to be changed!!!
[Wed Nov 19 15:37:46 2014] [debug] Reading configuration file "/home/mudler/_git/Keenship/keenship.conf".
[Wed Nov 19 15:37:46 2014] [debug] Your secret passphrase needs to be changed!!!
[Wed Nov 19 15:37:49 2014] [debug] Reading configuration file "/home/mudler/_git/Keenship/keenship.conf".
[Wed Nov 19 15:37:49 2014] [debug] Your secret passphrase needs to be changed!!!
[Wed Nov 19 15:37:49 2014] [info] Listening at "http://*:3000".
[Wed Nov 19 15:37:51 2014] [debug] GET "/info".
[Wed Nov 19 15:37:51 2014] [debug] Routing to a callback.
[Wed Nov 19 15:37:51 2014] [debug] Rendering template "pages/index.html.ep".
[Wed Nov 19 15:37:51 2014] [debug] 200 OK (0.001349s, 741.290/s).
[Wed Nov 19 15:37:53 2014] [debug] GET "/info".
[Wed Nov 19 15:37:53 2014] [debug] Routing to a callback.
[Wed Nov 19 15:37:53 2014] [debug] Rendering cached template "pages/index.html.ep".
[Wed Nov 19 15:37:53 2014] [debug] 200 OK (0.000406s, 2463.054/s).
[Wed Nov 19 15:37:54 2014] [debug] GET "/info".
[Wed Nov 19 15:37:54 2014] [debug] Routing to a callback.
[Wed Nov 19 15:37:54 2014] [debug] Rendering cached template "pages/index.html.ep".
[Wed Nov 19 15:37:54 2014] [debug] 200 OK (0.000416s, 2403.846/s).
[Wed Nov 19 15:37:55 2014] [debug] GET "/info".
[Wed Nov 19 15:37:55 2014] [debug] Routing to a callback.
[Wed Nov 19 15:37:55 2014] [debug] Rendering cached template "pages/index.html.ep".
[Wed Nov 19 15:37:55 2014] [debug] 200 OK (0.000473s, 2114.165/s).
[Wed Nov 19 15:37:55 2014] [debug] GET "/info".
[Wed Nov 19 15:37:55 2014] [debug] Routing to a callback.
[Wed Nov 19 15:37:55 2014] [debug] Rendering cached template "pages/index.html.ep".
[Wed Nov 19 15:37:55 2014] [debug] 200 OK (0.000394s, 2538.071/s).
[Wed Nov 19 15:37:56 2014] [debug] GET "/info".
[Wed Nov 19 15:37:56 2014] [debug] Routing to a callback.
[Wed Nov 19 15:37:56 2014] [debug] Rendering cached template "pages/index.html.ep".
[Wed Nov 19 15:37:56 2014] [debug] 200 OK (0.000429s, 2331.002/s).
[Wed Nov 19 15:37:56 2014] [debug] GET "/info".
[Wed Nov 19 15:37:56 2014] [debug] Routing to a callback.
[Wed Nov 19 15:37:56 2014] [debug] Rendering cached template "pages/index.html.ep".
[Wed Nov 19 15:37:56 2014] [debug] 200 OK (0.000464s, 2155.172/s).
[Wed Nov 19 15:37:56 2014] [debug] GET "/info".
[Wed Nov 19 15:37:56 2014] [debug] Routing to a callback.
[Wed Nov 19 15:37:56 2014] [debug] Rendering cached template "pages/index.html.ep".
[Wed Nov 19 15:37:56 2014] [debug] 200 OK (0.000509s, 1964.637/s).
[Wed Nov 19 15:37:56 2014] [debug] GET "/info".
[Wed Nov 19 15:37:56 2014] [debug] Routing to a callback.
[Wed Nov 19 15:37:56 2014] [debug] Rendering cached template "pages/index.html.ep".
[Wed Nov 19 15:37:56 2014] [debug] 200 OK (0.000477s, 2096.436/s).
[Wed Nov 19 15:37:57 2014] [debug] GET "/info".
[Wed Nov 19 15:37:57 2014] [debug] Routing to a callback.
[Wed Nov 19 15:37:57 2014] [debug] Rendering cached template "pages/index.html.ep".
[Wed Nov 19 15:37:57 2014] [debug] 200 OK (0.000417s, 2398.082/s).
[Wed Nov 19 15:37:57 2014] [debug] GET "/info".
[Wed Nov 19 15:37:57 2014] [debug] Routing to a callback.
[Wed Nov 19 15:37:57 2014] [debug] Rendering cached template "pages/index.html.ep".
[Wed Nov 19 15:37:57 2014] [debug] 200 OK (0.000448s, 2232.143/s).
[Wed Nov 19 15:37:57 2014] [debug] GET "/info".
[Wed Nov 19 15:37:57 2014] [debug] Routing to a callback.
[Wed Nov 19 15:37:57 2014] [debug] Rendering cached template "pages/index.html.ep".
[Wed Nov 19 15:37:57 2014] [debug] 200 OK (0.000444s, 2252.252/s).
[Wed Nov 19 15:37:57 2014] [debug] GET "/info".
[Wed Nov 19 15:37:57 2014] [debug] Routing to a callback.
[Wed Nov 19 15:37:57 2014] [debug] Rendering cached template "pages/index.html.ep".
[Wed Nov 19 15:37:57 2014] [debug] 200 OK (0.000406s, 2463.054/s).
[Wed Nov 19 15:37:58 2014] [debug] GET "/info".
[Wed Nov 19 15:37:58 2014] [debug] Routing to a callback.
[Wed Nov 19 15:37:58 2014] [debug] Rendering cached template "pages/index.html.ep".
[Wed Nov 19 15:37:58 2014] [debug] 200 OK (0.000433s, 2309.469/s).
[Wed Nov 19 15:37:58 2014] [debug] GET "/info".
[Wed Nov 19 15:37:58 2014] [debug] Routing to a callback.
[Wed Nov 19 15:37:58 2014] [debug] Rendering cached template "pages/index.html.ep".
[Wed Nov 19 15:37:58 2014] [debug] 200 OK (0.000393s, 2544.529/s).
[Wed Nov 19 15:37:58 2014] [debug] GET "/info".
[Wed Nov 19 15:37:58 2014] [debug] Routing to a callback.
[Wed Nov 19 15:37:58 2014] [debug] Rendering cached template "pages/index.html.ep".
[Wed Nov 19 15:37:58 2014] [debug] 200 OK (0.000429s, 2331.002/s).
[Wed Nov 19 15:37:58 2014] [debug] GET "/info".
[Wed Nov 19 15:37:58 2014] [debug] Routing to a callback.
[Wed Nov 19 15:37:58 2014] [debug] Rendering cached template "pages/index.html.ep".
[Wed Nov 19 15:37:58 2014] [debug] 200 OK (0.000333s, 3003.003/s).
[Wed Nov 19 15:37:59 2014] [debug] GET "/info".
[Wed Nov 19 15:37:59 2014] [debug] Routing to a callback.
[Wed Nov 19 15:37:59 2014] [debug] Rendering cached template "pages/index.html.ep".
[Wed Nov 19 15:37:59 2014] [debug] 200 OK (0.000368s, 2717.391/s).
[Wed Nov 19 15:39:29 2014] [debug] Reading configuration file "/home/mudler/_git/Keenship/keenship.conf".
[Wed Nov 19 15:39:29 2014] [debug] Your secret passphrase needs to be changed!!!
[Wed Nov 19 15:39:29 2014] [debug] GET "/info".
[Wed Nov 19 15:39:29 2014] [debug] Routing to a callback.
[Wed Nov 19 15:39:29 2014] [debug] Rendering template "pages/index.html.ep".
[Wed Nov 19 15:39:29 2014] [debug] 200 OK (0.001311s, 762.777/s).
[Wed Nov 19 15:39:42 2014] [debug] Reading configuration file "/home/mudler/_git/Keenship/keenship.conf".
[Wed Nov 19 15:39:42 2014] [debug] Your secret passphrase needs to be changed!!!
[Wed Nov 19 15:39:43 2014] [debug] GET "/info".
[Wed Nov 19 15:39:43 2014] [debug] Routing to a callback.
[Wed Nov 19 15:39:43 2014] [debug] Rendering template "pages/index.html.ep".
[Wed Nov 19 15:39:43 2014] [debug] 200 OK (0.001315s, 760.456/s).
[Wed Nov 19 15:39:46 2014] [debug] Reading configuration file "/home/mudler/_git/Keenship/keenship.conf".
[Wed Nov 19 15:39:46 2014] [debug] Your secret passphrase needs to be changed!!!
[Wed Nov 19 15:39:46 2014] [info] Listening at "http://*:3000".
[Wed Nov 19 15:39:49 2014] [debug] GET "/info".
[Wed Nov 19 15:39:49 2014] [debug] Routing to a callback.
[Wed Nov 19 15:39:49 2014] [debug] Rendering template "pages/index.html.ep".
[Wed Nov 19 15:39:49 2014] [debug] 200 OK (0.001373s, 728.332/s).
[Wed Nov 19 15:40:25 2014] [debug] Reading configuration file "/home/mudler/_git/Keenship/keenship.conf".
[Wed Nov 19 15:40:25 2014] [debug] Your secret passphrase needs to be changed!!!
[Wed Nov 19 15:40:27 2014] [debug] GET "/info".
[Wed Nov 19 15:40:27 2014] [debug] Routing to a callback.
[Wed Nov 19 15:40:27 2014] [debug] Rendering template "pages/index.html.ep".
[Wed Nov 19 15:40:27 2014] [debug] 200 OK (0.001513s, 660.939/s).
[Wed Nov 19 15:40:28 2014] [debug] GET "/info".
[Wed Nov 19 15:40:28 2014] [debug] Routing to a callback.
[Wed Nov 19 15:40:28 2014] [debug] Rendering cached template "pages/index.html.ep".
[Wed Nov 19 15:40:28 2014] [debug] 200 OK (0.000464s, 2155.172/s).
[Wed Nov 19 15:40:33 2014] [debug] Reading configuration file "/home/mudler/_git/Keenship/keenship.conf".
[Wed Nov 19 15:40:33 2014] [debug] Your secret passphrase needs to be changed!!!
[Wed Nov 19 15:40:33 2014] [info] Listening at "http://*:3000".
[Wed Nov 19 15:40:34 2014] [debug] GET "/info".
[Wed Nov 19 15:40:34 2014] [debug] Routing to a callback.
[Wed Nov 19 15:40:34 2014] [debug] Rendering template "pages/index.html.ep".
[Wed Nov 19 15:40:34 2014] [debug] 200 OK (0.001566s, 638.570/s).
[Wed Nov 19 15:41:05 2014] [debug] Reading configuration file "/home/mudler/_git/Keenship/keenship.conf".
[Wed Nov 19 15:41:05 2014] [debug] Your secret passphrase needs to be changed!!!
[Wed Nov 19 15:41:08 2014] [debug] GET "/info".
[Wed Nov 19 15:41:08 2014] [debug] Routing to a callback.
[Wed Nov 19 15:41:08 2014] [debug] Rendering template "pages/index.html.ep".
[Wed Nov 19 15:41:08 2014] [debug] 200 OK (0.001470s, 680.272/s).
[Wed Nov 19 15:41:25 2014] [debug] Reading configuration file "/home/mudler/_git/Keenship/keenship.conf".
[Wed Nov 19 15:41:25 2014] [debug] Your secret passphrase needs to be changed!!!
[Wed Nov 19 15:41:30 2014] [debug] GET "/info".
[Wed Nov 19 15:41:30 2014] [debug] Routing to a callback.
[Wed Nov 19 15:41:30 2014] [debug] Rendering template "pages/index.html.ep".
[Wed Nov 19 15:41:30 2014] [debug] 200 OK (0.001538s, 650.195/s).
[Wed Nov 19 15:41:37 2014] [debug] Reading configuration file "/home/mudler/_git/Keenship/keenship.conf".
[Wed Nov 19 15:41:37 2014] [debug] Your secret passphrase needs to be changed!!!
[Wed Nov 19 15:41:52 2014] [debug] Reading configuration file "/home/mudler/_git/Keenship/keenship.conf".
[Wed Nov 19 15:41:53 2014] [debug] Reading configuration file "/home/mudler/_git/Keenship/keenship.conf".
[Wed Nov 19 15:41:53 2014] [debug] Your secret passphrase needs to be changed!!!
[Wed Nov 19 15:41:54 2014] [debug] Reading configuration file "/home/mudler/_git/Keenship/keenship.conf".
[Wed Nov 19 15:41:54 2014] [debug] Your secret passphrase needs to be changed!!!
[Wed Nov 19 15:41:55 2014] [debug] GET "/info".
[Wed Nov 19 15:41:55 2014] [debug] Routing to a callback.
[Wed Nov 19 15:41:55 2014] [debug] Rendering template "pages/index.html.ep".
[Wed Nov 19 15:41:55 2014] [debug] 200 OK (0.001371s, 729.395/s).
[Wed Nov 19 15:45:11 2014] [debug] Reading configuration file "/home/mudler/_git/Keenship/keenship.conf".
[Wed Nov 19 15:45:11 2014] [debug] Your secret passphrase needs to be changed!!!
[Wed Nov 19 15:45:13 2014] [debug] Reading configuration file "/home/mudler/_git/Keenship/keenship.conf".
[Wed Nov 19 15:45:13 2014] [debug] Your secret passphrase needs to be changed!!!
[Wed Nov 19 15:45:13 2014] [info] Listening at "http://*:3000".
[Wed Nov 19 15:45:15 2014] [debug] GET "/info".
[Wed Nov 19 15:45:15 2014] [debug] Routing to a callback.
[Wed Nov 19 15:45:15 2014] [debug] Rendering template "pages/index.html.ep".
[Wed Nov 19 15:45:15 2014] [debug] 200 OK (0.001317s, 759.301/s).
[Wed Nov 19 15:45:34 2014] [debug] Reading configuration file "/home/mudler/_git/Keenship/keenship.conf".
[Wed Nov 19 15:45:34 2014] [debug] Your secret passphrase needs to be changed!!!
[Wed Nov 19 15:45:36 2014] [debug] Reading configuration file "/home/mudler/_git/Keenship/keenship.conf".
[Wed Nov 19 15:45:36 2014] [debug] Your secret passphrase needs to be changed!!!
[Wed Nov 19 15:45:36 2014] [info] Listening at "http://*:3000".
[Wed Nov 19 15:45:37 2014] [debug] GET "/info".
[Wed Nov 19 15:45:37 2014] [debug] Routing to a callback.
[Wed Nov 19 15:45:37 2014] [debug] Rendering template "pages/index.html.ep".
[Wed Nov 19 15:45:37 2014] [debug] 200 OK (0.001463s, 683.527/s).
[Wed Nov 19 15:45:38 2014] [debug] GET "/info".
[Wed Nov 19 15:45:38 2014] [debug] Routing to a callback.
[Wed Nov 19 15:45:38 2014] [debug] Rendering cached template "pages/index.html.ep".
[Wed Nov 19 15:45:38 2014] [debug] 200 OK (0.000391s, 2557.545/s).
[Wed Nov 19 15:46:05 2014] [debug] Reading configuration file "/home/mudler/_git/Keenship/keenship.conf".
[Wed Nov 19 15:46:18 2014] [debug] Reading configuration file "/home/mudler/_git/Keenship/keenship.conf".
[Wed Nov 19 15:46:18 2014] [debug] Your secret passphrase needs to be changed!!!
[Wed Nov 19 15:46:18 2014] [debug] GET "/info".
[Wed Nov 19 15:46:18 2014] [debug] Routing to a callback.
[Wed Nov 19 15:46:18 2014] [debug] Rendering template "pages/index.html.ep".
[Wed Nov 19 15:46:18 2014] [debug] 200 OK (0.002755s, 362.976/s).
[Wed Nov 19 15:46:19 2014] [debug] Reading configuration file "/home/mudler/_git/Keenship/keenship.conf".
[Wed Nov 19 15:46:19 2014] [debug] Your secret passphrase needs to be changed!!!
[Wed Nov 19 15:46:29 2014] [debug] Reading configuration file "/home/mudler/_git/Keenship/keenship.conf".
[Wed Nov 19 15:46:29 2014] [debug] Your secret passphrase needs to be changed!!!
[Wed Nov 19 15:46:31 2014] [debug] GET "/info".
[Wed Nov 19 15:46:31 2014] [debug] Routing to a callback.
[Wed Nov 19 15:46:31 2014] [debug] Rendering template "pages/index.html.ep".
[Wed Nov 19 15:46:31 2014] [debug] 200 OK (0.002093s, 477.783/s).
[Wed Nov 19 15:46:34 2014] [debug] Reading configuration file "/home/mudler/_git/Keenship/keenship.conf".
[Wed Nov 19 15:46:34 2014] [debug] Your secret passphrase needs to be changed!!!
[Wed Nov 19 15:46:34 2014] [info] Listening at "http://*:3000".
[Wed Nov 19 15:46:35 2014] [debug] GET "/info".
[Wed Nov 19 15:46:35 2014] [debug] Routing to a callback.
[Wed Nov 19 15:46:35 2014] [debug] Rendering template "pages/index.html.ep".
[Wed Nov 19 15:46:35 2014] [debug] 200 OK (0.001413s, 707.714/s).
[Wed Nov 19 15:46:48 2014] [debug] Reading configuration file "/home/mudler/_git/Keenship/keenship.conf".
[Wed Nov 19 15:46:48 2014] [debug] Your secret passphrase needs to be changed!!!
[Wed Nov 19 15:46:49 2014] [debug] Reading configuration file "/home/mudler/_git/Keenship/keenship.conf".
[Wed Nov 19 15:46:49 2014] [debug] Your secret passphrase needs to be changed!!!
[Wed Nov 19 15:46:53 2014] [debug] Reading configuration file "/home/mudler/_git/Keenship/keenship.conf".
[Wed Nov 19 15:46:53 2014] [debug] Your secret passphrase needs to be changed!!!
[Wed Nov 19 15:46:53 2014] [info] Listening at "http://*:3000".
[Wed Nov 19 15:46:57 2014] [debug] GET "/info".
[Wed Nov 19 15:46:57 2014] [debug] Routing to a callback.
[Wed Nov 19 15:46:57 2014] [debug] Rendering template "pages/index.html.ep".
[Wed Nov 19 15:46:57 2014] [debug] 200 OK (0.001446s, 691.563/s).
[Wed Nov 19 15:46:57 2014] [debug] GET "/info".
[Wed Nov 19 15:46:57 2014] [debug] Routing to a callback.
[Wed Nov 19 15:46:57 2014] [debug] Rendering cached template "pages/index.html.ep".
[Wed Nov 19 15:46:57 2014] [debug] 200 OK (0.000596s, 1677.852/s).
[Wed Nov 19 15:47:39 2014] [debug] Reading configuration file "/home/mudler/_git/Keenship/keenship.conf".
[Wed Nov 19 15:47:39 2014] [debug] Your secret passphrase needs to be changed!!!
[Wed Nov 19 15:47:41 2014] [debug] Reading configuration file "/home/mudler/_git/Keenship/keenship.conf".
[Wed Nov 19 15:47:41 2014] [debug] Your secret passphrase needs to be changed!!!
[Wed Nov 19 15:47:41 2014] [info] Listening at "http://*:3000".
[Wed Nov 19 15:47:52 2014] [debug] GET "/info".
[Wed Nov 19 15:47:52 2014] [debug] Routing to a callback.
[Wed Nov 19 15:47:52 2014] [debug] Rendering template "pages/index.html.ep".
[Wed Nov 19 15:47:52 2014] [debug] 200 OK (0.001515s, 660.066/s).
[Wed Nov 19 15:47:53 2014] [debug] GET "/info".
[Wed Nov 19 15:47:53 2014] [debug] Routing to a callback.
[Wed Nov 19 15:47:53 2014] [debug] Rendering cached template "pages/index.html.ep".
[Wed Nov 19 15:47:53 2014] [debug] 200 OK (0.000393s, 2544.529/s).
[Wed Nov 19 15:48:33 2014] [debug] GET "/info".
[Wed Nov 19 15:48:33 2014] [debug] Routing to a callback.
[Wed Nov 19 15:48:33 2014] [debug] Rendering cached template "pages/index.html.ep".
[Wed Nov 19 15:48:33 2014] [debug] 200 OK (0.000484s, 2066.116/s).
[Wed Nov 19 15:48:35 2014] [debug] GET "/".
[Wed Nov 19 15:48:35 2014] [debug] Template "not_found.development.html.ep" not found.
[Wed Nov 19 15:48:35 2014] [debug] Template "not_found.html.ep" not found.
[Wed Nov 19 15:48:35 2014] [debug] Rendering inline template "3e3201ab0667c1fc7f39089209f0435c".
[Wed Nov 19 15:48:35 2014] [debug] Rendering inline template "b2d451b47e2053ce583cbfdf7bcc6006".
[Wed Nov 19 15:48:35 2014] [debug] 404 Not Found (0.014701s, 68.023/s).
[Wed Nov 19 15:50:35 2014] [debug] Reading configuration file "/home/mudler/_git/Keenship/keenship.conf".
[Wed Nov 19 15:50:35 2014] [debug] Your secret passphrase needs to be changed!!!
[Wed Nov 19 15:50:48 2014] [debug] GET "/info".
[Wed Nov 19 15:50:48 2014] [debug] Routing to a callback.
[Wed Nov 19 15:50:48 2014] [debug] Rendering template "pages/index.html.ep".
[Wed Nov 19 15:50:48 2014] [debug] 200 OK (0.001400s, 714.286/s).
[Wed Nov 19 15:51:00 2014] [debug] Reading configuration file "/home/mudler/_git/Keenship/keenship.conf".
[Wed Nov 19 15:51:00 2014] [debug] Your secret passphrase needs to be changed!!!
[Wed Nov 19 15:51:11 2014] [debug] Reading configuration file "/home/mudler/_git/Keenship/keenship.conf".
[Wed Nov 19 15:51:11 2014] [debug] Your secret passphrase needs to be changed!!!
[Wed Nov 19 15:51:12 2014] [debug] GET "/info".
[Wed Nov 19 15:51:12 2014] [debug] Routing to a callback.
[Wed Nov 19 15:51:12 2014] [debug] Rendering template "pages/index.html.ep".
[Wed Nov 19 15:51:12 2014] [debug] 200 OK (0.001404s, 712.251/s).
[Wed Nov 19 15:51:18 2014] [debug] Reading configuration file "/home/mudler/_git/Keenship/keenship.conf".
[Wed Nov 19 15:51:18 2014] [debug] Your secret passphrase needs to be changed!!!
[Wed Nov 19 15:51:20 2014] [debug] Reading configuration file "/home/mudler/_git/Keenship/keenship.conf".
[Wed Nov 19 15:51:20 2014] [debug] Your secret passphrase needs to be changed!!!
[Wed Nov 19 15:51:32 2014] [debug] Reading configuration file "/home/mudler/_git/Keenship/keenship.conf".
[Wed Nov 19 15:51:32 2014] [debug] Your secret passphrase needs to be changed!!!
[Wed Nov 19 15:51:35 2014] [debug] GET "/info".
[Wed Nov 19 15:51:35 2014] [debug] Routing to a callback.
[Wed Nov 19 15:51:35 2014] [debug] Rendering template "pages/index.html.ep".
[Wed Nov 19 15:51:35 2014] [debug] 200 OK (0.001393s, 717.875/s).
[Wed Nov 19 16:01:20 2014] [debug] Reading configuration file "/home/mudler/_git/Keenship/keenship.conf".
[Wed Nov 19 16:02:30 2014] [debug] Reading configuration file "/home/mudler/_git/Keenship/keenship.conf".
[Wed Nov 19 16:02:30 2014] [debug] Your secret passphrase needs to be changed!!!
[Wed Nov 19 16:02:30 2014] [info] Listening at "http://*:3000".
[Wed Nov 19 16:02:39 2014] [debug] GET "/info".
[Wed Nov 19 16:02:39 2014] [debug] Routing to a callback.
[Wed Nov 19 16:02:39 2014] [debug] Rendering template "pages/index.html.ep".
[Wed Nov 19 16:02:39 2014] [debug] Rendering template "test.html.ep" from DATA section.
[Wed Nov 19 16:02:39 2014] [debug] 200 OK (0.001899s, 526.593/s).
[Wed Nov 19 16:03:07 2014] [debug] Reading configuration file "/home/mudler/_git/Keenship/keenship.conf".
[Wed Nov 19 16:03:07 2014] [debug] Your secret passphrase needs to be changed!!!
[Wed Nov 19 16:15:09 2014] [debug] Reading configuration file "/home/mudler/_git/Keenship/keenship.conf".
[Wed Nov 19 16:15:09 2014] [debug] Your secret passphrase needs to be changed!!!
[Wed Nov 19 16:15:16 2014] [debug] Reading configuration file "/home/mudler/_git/Keenship/keenship.conf".
[Wed Nov 19 16:15:16 2014] [debug] Your secret passphrase needs to be changed!!!
[Wed Nov 19 16:15:29 2014] [debug] Reading configuration file "/home/mudler/_git/Keenship/keenship.conf".
[Wed Nov 19 16:15:29 2014] [debug] Your secret passphrase needs to be changed!!!
[Wed Nov 19 16:15:34 2014] [debug] Reading configuration file "/home/mudler/_git/Keenship/keenship.conf".
[Wed Nov 19 16:15:34 2014] [debug] Your secret passphrase needs to be changed!!!
[Wed Nov 19 16:15:35 2014] [debug] Reading configuration file "/home/mudler/_git/Keenship/keenship.conf".
[Wed Nov 19 16:15:35 2014] [debug] Your secret passphrase needs to be changed!!!
[Wed Nov 19 16:15:36 2014] [debug] GET "/info".
[Wed Nov 19 16:15:36 2014] [debug] Routing to a callback.
[Wed Nov 19 16:15:36 2014] [debug] Rendering template "pages/index.html.ep".
[Wed Nov 19 16:15:36 2014] [debug] Rendering template "test.html.ep" from DATA section.
[Wed Nov 19 16:15:36 2014] [debug] 200 OK (0.002363s, 423.191/s).
[Wed Nov 19 16:15:42 2014] [debug] Reading configuration file "/home/mudler/_git/Keenship/keenship.conf".
[Wed Nov 19 16:15:42 2014] [debug] Your secret passphrase needs to be changed!!!
[Wed Nov 19 16:15:43 2014] [debug] GET "/info".
[Wed Nov 19 16:15:43 2014] [debug] Routing to a callback.
[Wed Nov 19 16:15:43 2014] [debug] Rendering template "pages/index.html.ep".
[Wed Nov 19 16:15:43 2014] [debug] Rendering template "test.html.ep" from DATA section.
[Wed Nov 19 16:15:43 2014] [debug] 200 OK (0.002024s, 494.071/s).
[Wed Nov 19 16:16:46 2014] [debug] Reading configuration file "/home/mudler/_git/Keenship/keenship.conf".
[Wed Nov 19 16:16:46 2014] [debug] Your secret passphrase needs to be changed!!!
[Wed Nov 19 16:16:47 2014] [debug] Reading configuration file "/home/mudler/_git/Keenship/keenship.conf".
[Wed Nov 19 16:16:47 2014] [debug] Your secret passphrase needs to be changed!!!
[Wed Nov 19 16:16:49 2014] [debug] GET "/info".
[Wed Nov 19 16:16:49 2014] [debug] Routing to a callback.
[Wed Nov 19 16:16:49 2014] [debug] Rendering template "pages/index.html.ep".
[Wed Nov 19 16:16:49 2014] [debug] Rendering template "test.html.ep" from DATA section.
[Wed Nov 19 16:16:49 2014] [debug] 200 OK (0.002682s, 372.856/s).
